生成启动时间为 2018/2/25 20:47:19。
     1>项目“E:\线上开课资料\Gordon_自己写CNN框架\1.2018.2.25_github上传版\project _win32\gordon_cnn\gordon_cnn.vcxproj”在节点 2 上(Build 个目标)。
     1>ClCompile:
         D:\Microsoft Visual Studio 12.0\VC\bin\CL.exe /c /ZI /nologo /W3 /WX- /Od /Oy- /D WIN32 /D _DEBUG /D _CONSOLE /D _LIB /D _UNICODE /D UNICODE /Gm /EHsc /RTC1 /MDd /GS /fp:precise /Zc:wchar_t /Zc:forScope /Fo"Debug\\" /Fd"Debug\vc120.pdb" /Gd /TP /analyze- /errorReport:prompt main.cpp myBlob.cpp myLayer.cpp myNet.cpp
         myNet.cpp
     1>e:\线上开课资料\gordon_自己写cnn框架\1.2018.2.25_github上传版\project _win32\gordon_cnn\mynet.cpp(9): warning C4996: 'Json::Reader::Reader': Use CharReader and CharReaderBuilder instead
                 e:\线上开课资料\gordon_自己写cnn框架\1.2018.2.25_github上传版\project _win32\gordon_cnn\include\json\reader.h(56) : 参见“Json::Reader::Reader”的声明
     1>e:\线上开课资料\gordon_自己写cnn框架\1.2018.2.25_github上传版\project _win32\gordon_cnn\mynet.cpp(592): warning C4996: 'sprintf': This function or variable may be unsafe. Consider using sprintf_s instead. To disable deprecation, use _CRT_SECURE_NO_WARNINGS. See online help for details.
                 d:\microsoft visual studio 12.0\vc\include\stdio.h(356) : 参见“sprintf”的声明
         myBlob.cpp
         main.cpp
     1>e:\线上开课资料\gordon_自己写cnn框架\1.2018.2.25_github上传版\project _win32\gordon_cnn\main.cpp(127): warning C4018: “<”: 有符号/无符号不匹配
     1>e:\线上开课资料\gordon_自己写cnn框架\1.2018.2.25_github上传版\project _win32\gordon_cnn\main.cpp(131): warning C4018: “<”: 有符号/无符号不匹配
         正在生成代码...
         正在编译...
         myLayer.cpp
         正在生成代码...
       Link:
         D:\Microsoft Visual Studio 12.0\VC\bin\link.exe /ERRORREPORT:PROMPT /OUT:"E:\线上开课资料\Gordon_自己写CNN框架\1.2018.2.25_github上传版\project _win32\gordon_cnn\Debug\gordon_cnn.exe" /INCREMENTAL /NOLOGO lib_json.lib liblapack.lib liblapacke.lib libblas.lib libprotobuf.lib "libprotobuf-lite.lib" libprotoc.lib kernel32.lib user32.lib gdi32.lib winspool.lib comdlg32.lib advapi32.lib shell32.lib ole32.lib oleaut32.lib uuid.lib odbc32.lib odbccp32.lib /MANIFEST /MANIFESTUAC:"level='asInvoker' uiAccess='false'" /manifest:embed /DEBUG /PDB:"E:\线上开课资料\Gordon_自己写CNN框架\1.2018.2.25_github上传版\project _win32\gordon_cnn\Debug\gordon_cnn.pdb" /SUBSYSTEM:CONSOLE /TLBID:1 /DYNAMICBASE /NXCOMPAT /IMPLIB:"E:\线上开课资料\Gordon_自己写CNN框架\1.2018.2.25_github上传版\project _win32\gordon_cnn\Debug\gordon_cnn.lib" /MACHINE:X86 Debug\gordon.NetParameter.pb.obj
         Debug\main.obj
         Debug\myBlob.obj
         Debug\myLayer.obj
         Debug\myNet.obj
         gordon_cnn.vcxproj -> E:\线上开课资料\Gordon_自己写CNN框架\1.2018.2.25_github上传版\project _win32\gordon_cnn\Debug\gordon_cnn.exe
     1>已完成生成项目“E:\线上开课资料\Gordon_自己写CNN框架\1.2018.2.25_github上传版\project _win32\gordon_cnn\gordon_cnn.vcxproj”(Build 个目标)的操作。

生成成功。

已用时间 00:00:06.71
